Using pre-set license
Built from '2020.2/staging' branch; Version is '2020.2.7f1 (c53830e277f1) revision 12924976'; Using compiler version '192528614'; Build Type 'Release'
OS: 'Windows 10 Home; OS build 18363.1440; Version 1909; 64bit' Language: 'en' Physical Memory: 16177 MB
BatchMode: 1, IsHumanControllingUs: 0, StartBugReporterOnCrash: 0, Is64bit: 1, IsPro: 0

 COMMAND LINE ARGUMENTS:
D:\Unity Editors\2020.2.7f1\Editor\Unity.exe
-adb2
-batchMode
-noUpm
-name
AssetImportWorker0
-projectPath
D:/Unity Projects/Turn Game
-logFile
Logs/AssetImportWorker0.log
-srvPort
5039
Successfully changed project path to: D:/Unity Projects/Turn Game
D:/Unity Projects/Turn Game
Using Asset Import Pipeline V2.
Refreshing native plugins compatible for Editor in 37.56 ms, found 1 plugins.
Preloading 0 native plugins for Editor in 0.00 ms.
Initialize engine version: 2020.2.7f1 (c53830e277f1)
[Subsystems] Discovering subsystems at path D:/Unity Editors/2020.2.7f1/Editor/Data/Resources/UnitySubsystems
[Subsystems] Discovering subsystems at path D:/Unity Projects/Turn Game/Assets
GfxDevice: creating device client; threaded=0
Direct3D:
    Version:  Direct3D 11.0 [level 11.1]
    Renderer: NVIDIA GeForce GTX 1050 Ti (ID=0x1c8c)
    Vendor:   
    VRAM:     4018 MB
    Driver:   27.21.14.5167
Initialize mono
Mono path[0] = 'D:/Unity Editors/2020.2.7f1/Editor/Data/Managed'
Mono path[1] = 'D:/Unity Editors/2020.2.7f1/Editor/Data/MonoBleedingEdge/lib/mono/unityjit'
Mono config path = 'D:/Unity Editors/2020.2.7f1/Editor/Data/MonoBleedingEdge/etc'
Using monoOptions --debugger-agent=transport=dt_socket,embedding=1,server=y,suspend=n,address=127.0.0.1:56800
Begin MonoManager ReloadAssembly
Registering precompiled unity dll's ...
Register platform support module: D:/Unity Editors/2020.2.7f1/Editor/Data/PlaybackEngines/WindowsStandaloneSupport/UnityEditor.WindowsStandalone.Extensions.dll
Registered in 0.001040 seconds.
Native extension for WindowsStandalone target not found
Refreshing native plugins compatible for Editor in 32.08 ms, found 1 plugins.
Preloading 0 native plugins for Editor in 0.00 ms.
Invoked RoslynAnalysisRunner static constructor.
RoslynAnalysisRunner will not be running.
RoslynAnalysisRunner has terminated.
Mono: successfully reloaded assembly
- Completed reload, in  1.093 seconds
Platform modules already initialized, skipping
Registering precompiled user dll's ...
Registered in 0.000901 seconds.
Begin MonoManager ReloadAssembly
Native extension for WindowsStandalone target not found
Refreshing native plugins compatible for Editor in 32.58 ms, found 1 plugins.
Preloading 0 native plugins for Editor in 0.00 ms.
Invoked RoslynAnalysisRunner static constructor.
RoslynAnalysisRunner will not be running.
RoslynAnalysisRunner has terminated.
Mono: successfully reloaded assembly
- Completed reload, in  0.836 seconds
Platform modules already initialized, skipping
========================================================================
Worker process is ready to serve import requests
Launched and connected shader compiler UnityShaderCompiler.exe after 0.05 seconds
Refreshing native plugins compatible for Editor in 0.41 ms, found 1 plugins.
Preloading 0 native plugins for Editor in 0.00 ms.
Unloading 1810 Unused Serialized files (Serialized files now loaded: 0)
System memory in use before: 84.8 MB.
System memory in use after: 84.8 MB.

Unloading 24 unused Assets to reduce memory usage. Loaded Objects now: 2254.
Total: 2.062500 ms (FindLiveObjects: 0.183200 ms CreateObjectMapping: 0.076000 ms MarkObjects: 1.673300 ms  DeleteObjects: 0.129200 ms)

========================================================================
Received Import Request.
  path: Assets/Fonts/8bitOperatorPlusSC-Bold.ttf
  artifactKey: Guid(5f8a78f2531e4164bae9ce37405ca951) Importer(815301076,1909f56bfc062723c751e8b465ee728b)
Start importing Assets/Fonts/8bitOperatorPlusSC-Bold.ttf using Guid(5f8a78f2531e4164bae9ce37405ca951) Importer(815301076,1909f56bfc062723c751e8b465ee728b)  -> (artifact id: '14f8e14825fce6e7b728bf3e69800b86') in 0.200991 seconds
  Import took 0.249019 seconds .

========================================================================
Received Import Request.
  Time since last request: 0.000331 seconds.
  path: Assets/Fonts/8bitOperatorPlus-Regular.ttf
  artifactKey: Guid(3ce9b602ac9b61b4db6bedfed0799568) Importer(815301076,1909f56bfc062723c751e8b465ee728b)
Start importing Assets/Fonts/8bitOperatorPlus-Regular.ttf using Guid(3ce9b602ac9b61b4db6bedfed0799568) Importer(815301076,1909f56bfc062723c751e8b465ee728b)  -> (artifact id: 'dad8261c00acae90b8cafde56ba40759') in 0.013019 seconds
  Import took 0.060829 seconds .

========================================================================
Received Import Request.
  Time since last request: 0.000343 seconds.
  path: Assets/Fonts/8bitOperatorPlusSC-Regular.ttf
  artifactKey: Guid(16261e45c9d4180439a4f71b20567646) Importer(815301076,1909f56bfc062723c751e8b465ee728b)
Start importing Assets/Fonts/8bitOperatorPlusSC-Regular.ttf using Guid(16261e45c9d4180439a4f71b20567646) Importer(815301076,1909f56bfc062723c751e8b465ee728b)  -> (artifact id: 'b0f9a1e7bdbc55bf7097ac6cd4a78c64') in 0.011996 seconds
  Import took 0.076670 seconds .

========================================================================
Received Import Request.
  Time since last request: 0.000369 seconds.
  path: Assets/Fonts/8bitOperatorPlus8-Regular.ttf
  artifactKey: Guid(3d3dd7a30e8919f418e15caa2a77a7b3) Importer(815301076,1909f56bfc062723c751e8b465ee728b)
Start importing Assets/Fonts/8bitOperatorPlus8-Regular.ttf using Guid(3d3dd7a30e8919f418e15caa2a77a7b3) Importer(815301076,1909f56bfc062723c751e8b465ee728b)  -> (artifact id: '084484f00706ef2270c115bcb9d00264') in 0.015109 seconds
  Import took 0.073850 seconds .

========================================================================
Received Import Request.
  Time since last request: 0.000318 seconds.
  path: Assets/Fonts/8bitOperatorPlus-Bold.ttf
  artifactKey: Guid(ed372de6c617d5f40954be7f32b7e702) Importer(815301076,1909f56bfc062723c751e8b465ee728b)
Start importing Assets/Fonts/8bitOperatorPlus-Bold.ttf using Guid(ed372de6c617d5f40954be7f32b7e702) Importer(815301076,1909f56bfc062723c751e8b465ee728b)  -> (artifact id: '2c6683552fdb9289544559f2ec531722') in 0.013462 seconds
  Import took 0.016600 seconds .

========================================================================
Received Import Request.
  Time since last request: 0.000370 seconds.
  path: Assets/Fonts/8bitOperatorPlus8-Bold.ttf
  artifactKey: Guid(a3f4675c3ac99594386fbe6f16cef36d) Importer(815301076,1909f56bfc062723c751e8b465ee728b)
Start importing Assets/Fonts/8bitOperatorPlus8-Bold.ttf using Guid(a3f4675c3ac99594386fbe6f16cef36d) Importer(815301076,1909f56bfc062723c751e8b465ee728b)  -> (artifact id: '277a0ec512a8788bd8112c41eab0a3b8') in 0.013310 seconds
  Import took 0.058804 seconds .

========================================================================
Received Prepare
Registering precompiled user dll's ...
Registered in 0.000894 seconds.
Begin MonoManager ReloadAssembly
Native extension for WindowsStandalone target not found
Refreshing native plugins compatible for Editor in 0.33 ms, found 1 plugins.
Preloading 0 native plugins for Editor in 0.00 ms.
Invoked RoslynAnalysisRunner static constructor.
RoslynAnalysisRunner will not be running.
RoslynAnalysisRunner has terminated.
Mono: successfully reloaded assembly
- Completed reload, in  0.780 seconds
Platform modules already initialized, skipping
Refreshing native plugins compatible for Editor in 0.34 ms, found 1 plugins.
Preloading 0 native plugins for Editor in 0.00 ms.
Unloading 1805 Unused Serialized files (Serialized files now loaded: 0)
System memory in use before: 88.3 MB.
System memory in use after: 88.3 MB.

Unloading 12 unused Assets to reduce memory usage. Loaded Objects now: 2302.
Total: 1.905100 ms (FindLiveObjects: 0.181800 ms CreateObjectMapping: 0.070600 ms MarkObjects: 1.551100 ms  DeleteObjects: 0.100600 ms)

========================================================================
Received Prepare
Registering precompiled user dll's ...
Registered in 0.000906 seconds.
Begin MonoManager ReloadAssembly
Native extension for WindowsStandalone target not found
Refreshing native plugins compatible for Editor in 0.35 ms, found 1 plugins.
Preloading 0 native plugins for Editor in 0.00 ms.
Invoked RoslynAnalysisRunner static constructor.
RoslynAnalysisRunner will not be running.
RoslynAnalysisRunner has terminated.
Mono: successfully reloaded assembly
- Completed reload, in  0.777 seconds
Platform modules already initialized, skipping
Refreshing native plugins compatible for Editor in 0.33 ms, found 1 plugins.
Preloading 0 native plugins for Editor in 0.00 ms.
Unloading 1805 Unused Serialized files (Serialized files now loaded: 0)
System memory in use before: 88.3 MB.
System memory in use after: 88.3 MB.

Unloading 12 unused Assets to reduce memory usage. Loaded Objects now: 2306.
Total: 1.958700 ms (FindLiveObjects: 0.200800 ms CreateObjectMapping: 0.067100 ms MarkObjects: 1.593000 ms  DeleteObjects: 0.096900 ms)

========================================================================
Received Import Request.
  Time since last request: 261.415410 seconds.
  path: Assets/Scripts/MenuManager.cs
  artifactKey: Guid(84dc9e9cf9c13454cb56b550715bcae2) Importer(815301076,1909f56bfc062723c751e8b465ee728b)
Start importing Assets/Scripts/MenuManager.cs using Guid(84dc9e9cf9c13454cb56b550715bcae2) Importer(815301076,1909f56bfc062723c751e8b465ee728b)  -> (artifact id: '464c8e9a4a0eefe50601b7184fe53433') in 0.019302 seconds
  Import took 0.050706 seconds .

========================================================================
Received Prepare
Registering precompiled user dll's ...
Registered in 0.001035 seconds.
Begin MonoManager ReloadAssembly
Native extension for WindowsStandalone target not found
Refreshing native plugins compatible for Editor in 0.32 ms, found 1 plugins.
Preloading 0 native plugins for Editor in 0.00 ms.
Invoked RoslynAnalysisRunner static constructor.
RoslynAnalysisRunner will not be running.
RoslynAnalysisRunner has terminated.
Mono: successfully reloaded assembly
- Completed reload, in  0.762 seconds
Platform modules already initialized, skipping
Refreshing native plugins compatible for Editor in 0.33 ms, found 1 plugins.
Preloading 0 native plugins for Editor in 0.00 ms.
Unloading 1805 Unused Serialized files (Serialized files now loaded: 0)
System memory in use before: 88.3 MB.
System memory in use after: 88.3 MB.

Unloading 12 unused Assets to reduce memory usage. Loaded Objects now: 2310.
Total: 3.704100 ms (FindLiveObjects: 0.549700 ms CreateObjectMapping: 0.194200 ms MarkObjects: 2.840400 ms  DeleteObjects: 0.118200 ms)

========================================================================
Received Import Request.
  Time since last request: 171.730860 seconds.
  path: Assets/Scripts/GameManager.cs
  artifactKey: Guid(e01db3e5e8c947f4288ac3b88a9b1b1a) Importer(815301076,1909f56bfc062723c751e8b465ee728b)
Start importing Assets/Scripts/GameManager.cs using Guid(e01db3e5e8c947f4288ac3b88a9b1b1a) Importer(815301076,1909f56bfc062723c751e8b465ee728b)  -> (artifact id: 'f8dbc255b6aa0158b470aed99f9b94c5') in 0.008868 seconds
  Import took 0.039310 seconds .

========================================================================
Received Import Request.
  Time since last request: 109.825455 seconds.
  path: Assets/Scripts/MenuManager.cs
  artifactKey: Guid(84dc9e9cf9c13454cb56b550715bcae2) Importer(815301076,1909f56bfc062723c751e8b465ee728b)
Start importing Assets/Scripts/MenuManager.cs using Guid(84dc9e9cf9c13454cb56b550715bcae2) Importer(815301076,1909f56bfc062723c751e8b465ee728b)  -> (artifact id: '8297db9a13e4c9e1825819b7c8ce21de') in 0.003324 seconds
  Import took 0.058369 seconds .

========================================================================
Received Import Request.
  Time since last request: 93.094147 seconds.
  path: Assets/Scripts/MenuManager.cs
  artifactKey: Guid(84dc9e9cf9c13454cb56b550715bcae2) Importer(815301076,1909f56bfc062723c751e8b465ee728b)
Start importing Assets/Scripts/MenuManager.cs using Guid(84dc9e9cf9c13454cb56b550715bcae2) Importer(815301076,1909f56bfc062723c751e8b465ee728b)  -> (artifact id: '7994f0c0c3c24e215267bc0d583bce9a') in 0.004192 seconds
  Import took 0.060579 seconds .

========================================================================
Received Import Request.
  Time since last request: 25.490882 seconds.
  path: Assets/Scripts/MenuManager.cs
  artifactKey: Guid(84dc9e9cf9c13454cb56b550715bcae2) Importer(815301076,1909f56bfc062723c751e8b465ee728b)
Start importing Assets/Scripts/MenuManager.cs using Guid(84dc9e9cf9c13454cb56b550715bcae2) Importer(815301076,1909f56bfc062723c751e8b465ee728b)  -> (artifact id: 'e3acba3b80d401885bf8c46055bdcdf4') in 0.003318 seconds
  Import took 0.060187 seconds .

========================================================================
Received Prepare
Registering precompiled user dll's ...
Registered in 0.000843 seconds.
Begin MonoManager ReloadAssembly
Native extension for WindowsStandalone target not found
Refreshing native plugins compatible for Editor in 0.33 ms, found 1 plugins.
Preloading 0 native plugins for Editor in 0.00 ms.
Invoked RoslynAnalysisRunner static constructor.
RoslynAnalysisRunner will not be running.
RoslynAnalysisRunner has terminated.
Mono: successfully reloaded assembly
- Completed reload, in  0.756 seconds
Platform modules already initialized, skipping
Refreshing native plugins compatible for Editor in 0.37 ms, found 1 plugins.
Preloading 0 native plugins for Editor in 0.00 ms.
Unloading 1805 Unused Serialized files (Serialized files now loaded: 0)
System memory in use before: 88.3 MB.
System memory in use after: 88.3 MB.

Unloading 12 unused Assets to reduce memory usage. Loaded Objects now: 2314.
Total: 1.984400 ms (FindLiveObjects: 0.187600 ms CreateObjectMapping: 0.054900 ms MarkObjects: 1.640500 ms  DeleteObjects: 0.100700 ms)

========================================================================
Received Import Request.
  Time since last request: 14.745598 seconds.
  path: Assets/Scripts/MenuManager.cs
  artifactKey: Guid(84dc9e9cf9c13454cb56b550715bcae2) Importer(815301076,1909f56bfc062723c751e8b465ee728b)
Start importing Assets/Scripts/MenuManager.cs using Guid(84dc9e9cf9c13454cb56b550715bcae2) Importer(815301076,1909f56bfc062723c751e8b465ee728b)  -> (artifact id: '52ac99c401a666d8528401bddd06bea9') in 0.004182 seconds
  Import took 0.066028 seconds .

AssetImportWorkerClient::OnTransportError - code=2 error=End of file
