Using pre-set license
Built from '2020.2/staging' branch; Version is '2020.2.7f1 (c53830e277f1) revision 12924976'; Using compiler version '192528614'; Build Type 'Release'
OS: 'Windows 10 Home; OS build 18363.1440; Version 1909; 64bit' Language: 'en' Physical Memory: 16177 MB
BatchMode: 1, IsHumanControllingUs: 0, StartBugReporterOnCrash: 0, Is64bit: 1, IsPro: 0

 COMMAND LINE ARGUMENTS:
D:\Unity Editors\2020.2.7f1\Editor\Unity.exe
-adb2
-batchMode
-noUpm
-name
AssetImportWorker0
-projectPath
D:/Unity Projects/Turn Game
-logFile
Logs/AssetImportWorker0.log
-srvPort
4034
Successfully changed project path to: D:/Unity Projects/Turn Game
D:/Unity Projects/Turn Game
Using Asset Import Pipeline V2.
Refreshing native plugins compatible for Editor in 35.66 ms, found 1 plugins.
Preloading 0 native plugins for Editor in 0.00 ms.
Initialize engine version: 2020.2.7f1 (c53830e277f1)
[Subsystems] Discovering subsystems at path D:/Unity Editors/2020.2.7f1/Editor/Data/Resources/UnitySubsystems
[Subsystems] Discovering subsystems at path D:/Unity Projects/Turn Game/Assets
GfxDevice: creating device client; threaded=0
Direct3D:
    Version:  Direct3D 11.0 [level 11.1]
    Renderer: NVIDIA GeForce GTX 1050 Ti (ID=0x1c8c)
    Vendor:   
    VRAM:     4018 MB
    Driver:   27.21.14.5167
Initialize mono
Mono path[0] = 'D:/Unity Editors/2020.2.7f1/Editor/Data/Managed'
Mono path[1] = 'D:/Unity Editors/2020.2.7f1/Editor/Data/MonoBleedingEdge/lib/mono/unityjit'
Mono config path = 'D:/Unity Editors/2020.2.7f1/Editor/Data/MonoBleedingEdge/etc'
Using monoOptions --debugger-agent=transport=dt_socket,embedding=1,server=y,suspend=n,address=127.0.0.1:56616
Begin MonoManager ReloadAssembly
Registering precompiled unity dll's ...
Register platform support module: D:/Unity Editors/2020.2.7f1/Editor/Data/PlaybackEngines/WindowsStandaloneSupport/UnityEditor.WindowsStandalone.Extensions.dll
Registered in 0.001072 seconds.
Native extension for WindowsStandalone target not found
Refreshing native plugins compatible for Editor in 38.98 ms, found 1 plugins.
Preloading 0 native plugins for Editor in 0.00 ms.
Invoked RoslynAnalysisRunner static constructor.
RoslynAnalysisRunner will not be running.
RoslynAnalysisRunner has terminated.
Mono: successfully reloaded assembly
- Completed reload, in  1.154 seconds
Platform modules already initialized, skipping
Registering precompiled user dll's ...
Registered in 0.000864 seconds.
Begin MonoManager ReloadAssembly
Native extension for WindowsStandalone target not found
Refreshing native plugins compatible for Editor in 42.59 ms, found 1 plugins.
Preloading 0 native plugins for Editor in 0.00 ms.
Invoked RoslynAnalysisRunner static constructor.
RoslynAnalysisRunner will not be running.
RoslynAnalysisRunner has terminated.
Mono: successfully reloaded assembly
- Completed reload, in  1.003 seconds
Platform modules already initialized, skipping
========================================================================
Worker process is ready to serve import requests
Launched and connected shader compiler UnityShaderCompiler.exe after 0.05 seconds
Refreshing native plugins compatible for Editor in 0.44 ms, found 1 plugins.
Preloading 0 native plugins for Editor in 0.00 ms.
Unloading 1809 Unused Serialized files (Serialized files now loaded: 0)
System memory in use before: 84.8 MB.
System memory in use after: 84.7 MB.

Unloading 24 unused Assets to reduce memory usage. Loaded Objects now: 2253.
Total: 2.339400 ms (FindLiveObjects: 0.175100 ms CreateObjectMapping: 0.072300 ms MarkObjects: 1.959600 ms  DeleteObjects: 0.131200 ms)

========================================================================
Received Import Request.
  path: Assets/Scenes/Menu.unity
  artifactKey: Guid(d03633a0da4582a40867c43500bf881f) Importer(815301076,1909f56bfc062723c751e8b465ee728b)
Start importing Assets/Scenes/Menu.unity using Guid(d03633a0da4582a40867c43500bf881f) Importer(815301076,1909f56bfc062723c751e8b465ee728b)  -> (artifact id: '3c7a73a950bda7a30ce5d5108a01ede1') in 0.014376 seconds
  Import took 0.017103 seconds .

========================================================================
Received Import Request.
  Time since last request: 181.086712 seconds.
  path: Assets/Scripts/MenuManager.cs
  artifactKey: Guid(84dc9e9cf9c13454cb56b550715bcae2) Importer(815301076,1909f56bfc062723c751e8b465ee728b)
Start importing Assets/Scripts/MenuManager.cs using Guid(84dc9e9cf9c13454cb56b550715bcae2) Importer(815301076,1909f56bfc062723c751e8b465ee728b)  -> (artifact id: '5647afea1527833e7cf4644c0337e3b6') in 0.050853 seconds
  Import took 0.397227 seconds .

========================================================================
Received Import Request.
  Time since last request: 0.017174 seconds.
  path: Assets/Scripts/MenuManager.cs
  artifactKey: Guid(84dc9e9cf9c13454cb56b550715bcae2) Importer(815301076,1909f56bfc062723c751e8b465ee728b)
Start importing Assets/Scripts/MenuManager.cs using Guid(84dc9e9cf9c13454cb56b550715bcae2) Importer(815301076,1909f56bfc062723c751e8b465ee728b)  -> (artifact id: '5647afea1527833e7cf4644c0337e3b6') in 0.003744 seconds
  Import took 0.007296 seconds .

========================================================================
Received Prepare
Registering precompiled user dll's ...
Registered in 0.001549 seconds.
Begin MonoManager ReloadAssembly
Native extension for WindowsStandalone target not found
Refreshing native plugins compatible for Editor in 0.84 ms, found 1 plugins.
Preloading 0 native plugins for Editor in 0.00 ms.
Invoked RoslynAnalysisRunner static constructor.
RoslynAnalysisRunner will not be running.
RoslynAnalysisRunner has terminated.
Mono: successfully reloaded assembly
- Completed reload, in  1.119 seconds
Platform modules already initialized, skipping
Refreshing native plugins compatible for Editor in 0.32 ms, found 1 plugins.
Preloading 0 native plugins for Editor in 0.00 ms.
Unloading 1805 Unused Serialized files (Serialized files now loaded: 0)
System memory in use before: 84.8 MB.
System memory in use after: 84.8 MB.

Unloading 12 unused Assets to reduce memory usage. Loaded Objects now: 2258.
Total: 3.357300 ms (FindLiveObjects: 0.409300 ms CreateObjectMapping: 0.116600 ms MarkObjects: 2.721100 ms  DeleteObjects: 0.108300 ms)

========================================================================
Received Import Request.
  Time since last request: 38.325162 seconds.
  path: Assets/Scenes/SampleScene.unity
  artifactKey: Guid(2cda990e2423bbf4892e6590ba056729) Importer(815301076,1909f56bfc062723c751e8b465ee728b)
Start importing Assets/Scenes/SampleScene.unity using Guid(2cda990e2423bbf4892e6590ba056729) Importer(815301076,1909f56bfc062723c751e8b465ee728b)  -> (artifact id: '6e34c414c66990cdeb0e01093eb3ca86') in 0.020638 seconds
  Import took 0.023664 seconds .

========================================================================
Received Import Request.
  Time since last request: 5.132544 seconds.
  path: Assets/Scenes/Game.unity
  artifactKey: Guid(2cda990e2423bbf4892e6590ba056729) Importer(815301076,1909f56bfc062723c751e8b465ee728b)
Start importing Assets/Scenes/Game.unity using Guid(2cda990e2423bbf4892e6590ba056729) Importer(815301076,1909f56bfc062723c751e8b465ee728b)  -> (artifact id: '7b9e21c5647cfba9173e64803397388d') in 0.008741 seconds
  Import took 0.012096 seconds .

========================================================================
Received Prepare
Registering precompiled user dll's ...
Registered in 0.000926 seconds.
Begin MonoManager ReloadAssembly
Native extension for WindowsStandalone target not found
Refreshing native plugins compatible for Editor in 0.41 ms, found 1 plugins.
Preloading 0 native plugins for Editor in 0.00 ms.
Invoked RoslynAnalysisRunner static constructor.
RoslynAnalysisRunner will not be running.
RoslynAnalysisRunner has terminated.
Mono: successfully reloaded assembly
- Completed reload, in  0.830 seconds
Platform modules already initialized, skipping
Refreshing native plugins compatible for Editor in 0.33 ms, found 1 plugins.
Preloading 0 native plugins for Editor in 0.00 ms.
Unloading 1805 Unused Serialized files (Serialized files now loaded: 0)
System memory in use before: 84.8 MB.
System memory in use after: 84.8 MB.

Unloading 12 unused Assets to reduce memory usage. Loaded Objects now: 2262.
Total: 2.021900 ms (FindLiveObjects: 0.182300 ms CreateObjectMapping: 0.064600 ms MarkObjects: 1.673900 ms  DeleteObjects: 0.099900 ms)

========================================================================
Received Prepare
Registering precompiled user dll's ...
Registered in 0.000929 seconds.
Begin MonoManager ReloadAssembly
Native extension for WindowsStandalone target not found
Refreshing native plugins compatible for Editor in 0.34 ms, found 1 plugins.
Preloading 0 native plugins for Editor in 0.00 ms.
Invoked RoslynAnalysisRunner static constructor.
RoslynAnalysisRunner will not be running.
RoslynAnalysisRunner has terminated.
Mono: successfully reloaded assembly
- Completed reload, in  0.849 seconds
Platform modules already initialized, skipping
Refreshing native plugins compatible for Editor in 0.79 ms, found 1 plugins.
Preloading 0 native plugins for Editor in 0.00 ms.
Unloading 1805 Unused Serialized files (Serialized files now loaded: 0)
System memory in use before: 84.8 MB.
System memory in use after: 84.8 MB.

Unloading 12 unused Assets to reduce memory usage. Loaded Objects now: 2266.
Total: 2.191000 ms (FindLiveObjects: 0.284900 ms CreateObjectMapping: 0.067600 ms MarkObjects: 1.732300 ms  DeleteObjects: 0.105000 ms)

========================================================================
Received Prepare
Registering precompiled user dll's ...
Registered in 0.001002 seconds.
Begin MonoManager ReloadAssembly
Native extension for WindowsStandalone target not found
Refreshing native plugins compatible for Editor in 0.33 ms, found 1 plugins.
Preloading 0 native plugins for Editor in 0.00 ms.
Invoked RoslynAnalysisRunner static constructor.
RoslynAnalysisRunner will not be running.
RoslynAnalysisRunner has terminated.
Mono: successfully reloaded assembly
- Completed reload, in  0.814 seconds
Platform modules already initialized, skipping
Refreshing native plugins compatible for Editor in 0.33 ms, found 1 plugins.
Preloading 0 native plugins for Editor in 0.00 ms.
Unloading 1805 Unused Serialized files (Serialized files now loaded: 0)
System memory in use before: 84.8 MB.
System memory in use after: 84.8 MB.

Unloading 12 unused Assets to reduce memory usage. Loaded Objects now: 2270.
Total: 2.166200 ms (FindLiveObjects: 0.186100 ms CreateObjectMapping: 0.073600 ms MarkObjects: 1.815200 ms  DeleteObjects: 0.090500 ms)

========================================================================
Received Import Request.
  Time since last request: 311.444763 seconds.
  path: Assets/Text Material.mat
  artifactKey: Guid(b3d578d7126b92f4c895755923fa12aa) Importer(815301076,1909f56bfc062723c751e8b465ee728b)
Start importing Assets/Text Material.mat using Guid(b3d578d7126b92f4c895755923fa12aa) Importer(815301076,1909f56bfc062723c751e8b465ee728b)  -> (artifact id: 'b475ec1920f9e215409f592e5fecdc32') in 0.165144 seconds
  Import took 0.168781 seconds .

========================================================================
Received Import Request.
  Time since last request: 0.004594 seconds.
  path: Assets/Text Material.mat
  artifactKey: Guid(b3d578d7126b92f4c895755923fa12aa) Importer(815301076,1909f56bfc062723c751e8b465ee728b)
Start importing Assets/Text Material.mat using Guid(b3d578d7126b92f4c895755923fa12aa) Importer(815301076,1909f56bfc062723c751e8b465ee728b)  -> (artifact id: 'b475ec1920f9e215409f592e5fecdc32') in 0.015831 seconds
  Import took 0.019984 seconds .

========================================================================
Received Import Request.
  Time since last request: 109.576899 seconds.
  path: Assets/Prefabs/Player.prefab
  artifactKey: Guid(e55e7bfbd6d8484478747bffc3598bd4) Importer(815301076,1909f56bfc062723c751e8b465ee728b)
Start importing Assets/Prefabs/Player.prefab using Guid(e55e7bfbd6d8484478747bffc3598bd4) Importer(815301076,1909f56bfc062723c751e8b465ee728b)  -> (artifact id: 'bcd58e9fa09b4dc3055d627cc8f91cac') in 0.016867 seconds
  Import took 0.020723 seconds .

========================================================================
Received Prepare
Registering precompiled user dll's ...
Registered in 0.000860 seconds.
Begin MonoManager ReloadAssembly
Native extension for WindowsStandalone target not found
Refreshing native plugins compatible for Editor in 0.42 ms, found 1 plugins.
Preloading 0 native plugins for Editor in 0.00 ms.
Invoked RoslynAnalysisRunner static constructor.
RoslynAnalysisRunner will not be running.
RoslynAnalysisRunner has terminated.
Mono: successfully reloaded assembly
- Completed reload, in  0.837 seconds
Platform modules already initialized, skipping
Refreshing native plugins compatible for Editor in 0.35 ms, found 1 plugins.
Preloading 0 native plugins for Editor in 0.00 ms.
Unloading 1805 Unused Serialized files (Serialized files now loaded: 0)
System memory in use before: 88.2 MB.
System memory in use after: 88.2 MB.

Unloading 12 unused Assets to reduce memory usage. Loaded Objects now: 2314.
Total: 2.793500 ms (FindLiveObjects: 0.202600 ms CreateObjectMapping: 0.074400 ms MarkObjects: 2.396700 ms  DeleteObjects: 0.118400 ms)

========================================================================
Received Import Request.
  Time since last request: 162.475220 seconds.
  path: Assets/Sprites/Types
  artifactKey: Guid(27f8bc879137669479264b7dabaafb9d) Importer(815301076,1909f56bfc062723c751e8b465ee728b)
Start importing Assets/Sprites/Types using Guid(27f8bc879137669479264b7dabaafb9d) Importer(815301076,1909f56bfc062723c751e8b465ee728b)  -> (artifact id: 'eba7551ddae029274e8358e3033d9499') in 0.010094 seconds
  Import took 0.014689 seconds .

========================================================================
Received Import Request.
  Time since last request: 0.031496 seconds.
  path: Assets/Sprites/Types/Card_Background-1.png.png
  artifactKey: Guid(4fbc039f5d431504a968b8b0c8947e39) Importer(815301076,1909f56bfc062723c751e8b465ee728b)
Start importing Assets/Sprites/Types/Card_Background-1.png.png using Guid(4fbc039f5d431504a968b8b0c8947e39) Importer(815301076,1909f56bfc062723c751e8b465ee728b)  -> (artifact id: '6a0e86a193dcfdfbefe79d3311d28864') in 0.087853 seconds
  Import took 0.090796 seconds .

========================================================================
Received Import Request.
  Time since last request: 0.000295 seconds.
  path: Assets/Sprites/Types/Ice Type.png
  artifactKey: Guid(9f7f464f414760a4485ad569f298c037) Importer(815301076,1909f56bfc062723c751e8b465ee728b)
Start importing Assets/Sprites/Types/Ice Type.png using Guid(9f7f464f414760a4485ad569f298c037) Importer(815301076,1909f56bfc062723c751e8b465ee728b)  -> (artifact id: '82072dcb119d94665b219b987d49ad5f') in 0.023246 seconds
  Import took 0.026192 seconds .

========================================================================
Received Import Request.
  Time since last request: 0.000367 seconds.
  path: Assets/Sprites/Types/Dragon Type.png
  artifactKey: Guid(552d4a001cb437f4898448390ff0fc37) Importer(815301076,1909f56bfc062723c751e8b465ee728b)
Start importing Assets/Sprites/Types/Dragon Type.png using Guid(552d4a001cb437f4898448390ff0fc37) Importer(815301076,1909f56bfc062723c751e8b465ee728b)  -> (artifact id: '9cba1a825a55fa6de328fa51d91868ce') in 0.027622 seconds
  Import took 0.030468 seconds .

========================================================================
Received Import Request.
  Time since last request: 31.542816 seconds.
  path: Assets/Sprites/Types/Dragon Type.png
  artifactKey: Guid(552d4a001cb437f4898448390ff0fc37) Importer(815301076,1909f56bfc062723c751e8b465ee728b)
Start importing Assets/Sprites/Types/Dragon Type.png using Guid(552d4a001cb437f4898448390ff0fc37) Importer(815301076,1909f56bfc062723c751e8b465ee728b)  -> (artifact id: '464290faca5a72c2b5b625462c44ba37') in 0.012193 seconds
  Import took 0.016101 seconds .

========================================================================
Received Import Request.
  Time since last request: 26.227679 seconds.
  path: Assets/Sprites/Types/Dragon Type.png
  artifactKey: Guid(552d4a001cb437f4898448390ff0fc37) Importer(815301076,1909f56bfc062723c751e8b465ee728b)
Start importing Assets/Sprites/Types/Dragon Type.png using Guid(552d4a001cb437f4898448390ff0fc37) Importer(815301076,1909f56bfc062723c751e8b465ee728b)  -> (artifact id: '0a775a971a57c702602e724913cf457a') in 0.070239 seconds
  Import took 0.074364 seconds .

========================================================================
Received Prepare
Registering precompiled user dll's ...
Registered in 0.001325 seconds.
Begin MonoManager ReloadAssembly
Native extension for WindowsStandalone target not found
Refreshing native plugins compatible for Editor in 0.52 ms, found 1 plugins.
Preloading 0 native plugins for Editor in 0.00 ms.
Invoked RoslynAnalysisRunner static constructor.
RoslynAnalysisRunner will not be running.
RoslynAnalysisRunner has terminated.
Mono: successfully reloaded assembly
- Completed reload, in  0.883 seconds
Platform modules already initialized, skipping
Refreshing native plugins compatible for Editor in 0.77 ms, found 1 plugins.
Preloading 0 native plugins for Editor in 0.00 ms.
Unloading 1805 Unused Serialized files (Serialized files now loaded: 0)
System memory in use before: 88.2 MB.
System memory in use after: 88.2 MB.

Unloading 12 unused Assets to reduce memory usage. Loaded Objects now: 2321.
Total: 2.079800 ms (FindLiveObjects: 0.212000 ms CreateObjectMapping: 0.073900 ms MarkObjects: 1.683200 ms  DeleteObjects: 0.109500 ms)

========================================================================
Received Prepare
Registering precompiled user dll's ...
Registered in 0.000854 seconds.
Begin MonoManager ReloadAssembly
Native extension for WindowsStandalone target not found
Refreshing native plugins compatible for Editor in 0.33 ms, found 1 plugins.
Preloading 0 native plugins for Editor in 0.00 ms.
Invoked RoslynAnalysisRunner static constructor.
RoslynAnalysisRunner will not be running.
RoslynAnalysisRunner has terminated.
Mono: successfully reloaded assembly
- Completed reload, in  0.814 seconds
Platform modules already initialized, skipping
Refreshing native plugins compatible for Editor in 0.36 ms, found 1 plugins.
Preloading 0 native plugins for Editor in 0.00 ms.
Unloading 1805 Unused Serialized files (Serialized files now loaded: 0)
System memory in use before: 88.2 MB.
System memory in use after: 88.2 MB.

Unloading 12 unused Assets to reduce memory usage. Loaded Objects now: 2325.
Total: 3.966500 ms (FindLiveObjects: 0.213600 ms CreateObjectMapping: 0.078500 ms MarkObjects: 3.466600 ms  DeleteObjects: 0.206200 ms)

========================================================================
Received Prepare
Registering precompiled user dll's ...
Registered in 0.000906 seconds.
Begin MonoManager ReloadAssembly
Native extension for WindowsStandalone target not found
Refreshing native plugins compatible for Editor in 0.36 ms, found 1 plugins.
Preloading 0 native plugins for Editor in 0.00 ms.
Invoked RoslynAnalysisRunner static constructor.
RoslynAnalysisRunner will not be running.
RoslynAnalysisRunner has terminated.
Mono: successfully reloaded assembly
- Completed reload, in  0.820 seconds
Platform modules already initialized, skipping
Refreshing native plugins compatible for Editor in 0.32 ms, found 1 plugins.
Preloading 0 native plugins for Editor in 0.00 ms.
Unloading 1805 Unused Serialized files (Serialized files now loaded: 0)
System memory in use before: 88.2 MB.
System memory in use after: 88.2 MB.

Unloading 12 unused Assets to reduce memory usage. Loaded Objects now: 2329.
Total: 3.070700 ms (FindLiveObjects: 0.360100 ms CreateObjectMapping: 0.096800 ms MarkObjects: 2.506900 ms  DeleteObjects: 0.105300 ms)

========================================================================
Received Prepare
Registering precompiled user dll's ...
Registered in 0.001045 seconds.
Begin MonoManager ReloadAssembly
Native extension for WindowsStandalone target not found
Refreshing native plugins compatible for Editor in 0.40 ms, found 1 plugins.
Preloading 0 native plugins for Editor in 0.00 ms.
Invoked RoslynAnalysisRunner static constructor.
RoslynAnalysisRunner will not be running.
RoslynAnalysisRunner has terminated.
Mono: successfully reloaded assembly
- Completed reload, in  0.792 seconds
Platform modules already initialized, skipping
Refreshing native plugins compatible for Editor in 0.37 ms, found 1 plugins.
Preloading 0 native plugins for Editor in 0.00 ms.
Unloading 1805 Unused Serialized files (Serialized files now loaded: 0)
System memory in use before: 88.2 MB.
System memory in use after: 88.2 MB.

Unloading 12 unused Assets to reduce memory usage. Loaded Objects now: 2333.
Total: 1.928100 ms (FindLiveObjects: 0.240100 ms CreateObjectMapping: 0.082300 ms MarkObjects: 1.498600 ms  DeleteObjects: 0.105800 ms)

========================================================================
Received Prepare
Registering precompiled user dll's ...
Registered in 0.001204 seconds.
Begin MonoManager ReloadAssembly
Native extension for WindowsStandalone target not found
Refreshing native plugins compatible for Editor in 0.34 ms, found 1 plugins.
Preloading 0 native plugins for Editor in 0.00 ms.
Invoked RoslynAnalysisRunner static constructor.
RoslynAnalysisRunner will not be running.
RoslynAnalysisRunner has terminated.
Mono: successfully reloaded assembly
- Completed reload, in  0.791 seconds
Platform modules already initialized, skipping
Refreshing native plugins compatible for Editor in 0.65 ms, found 1 plugins.
Preloading 0 native plugins for Editor in 0.00 ms.
Unloading 1805 Unused Serialized files (Serialized files now loaded: 0)
System memory in use before: 88.2 MB.
System memory in use after: 88.2 MB.

Unloading 12 unused Assets to reduce memory usage. Loaded Objects now: 2337.
Total: 2.256100 ms (FindLiveObjects: 0.179000 ms CreateObjectMapping: 0.062900 ms MarkObjects: 1.915400 ms  DeleteObjects: 0.098100 ms)

AssetImportWorkerClient::OnTransportError - code=2 error=End of file
